2026-03-28T16:06:42.432-03:00  INFO 52772 --- [seguridadcalidad] [main] c.d.s.SeguridadcalidadApplicationTests   : Starting SeguridadcalidadApplicationTests using Java 21.0.9 with PID 52772 (started by cal in /Users/cal/Documents/Documentos - MacBook Air de Christian/Personal/Duoc/2026-201/cdy2203/seguridadcalidad)
2026-03-28T16:06:42.435-03:00  INFO 52772 --- [seguridadcalidad] [main] c.d.s.SeguridadcalidadApplicationTests   : No active profile set, falling back to 1 default profile: "default"
2026-03-28T16:06:42.863-03:00  INFO 52772 --- [seguridadcalidad] [main] r$InitializeUserDetailsManagerConfigurer : Global AuthenticationManager configured with UserDetailsService bean with name users
2026-03-28T16:06:43.021-03:00  INFO 52772 --- [seguridadcalidad] [main] c.d.s.SeguridadcalidadApplicationTests   : Started SeguridadcalidadApplicationTests in 0.703 seconds (process running for 1.121)
2026-03-28T16:09:16.464-03:00  INFO 66566 --- [seguridadcalidad] [main] c.d.s.InvoiceControllerTests             : Starting InvoiceControllerTests using Java 21.0.9 with PID 66566 (started by cal in /Users/cal/Documents/Documentos - MacBook Air de Christian/Personal/Duoc/2026-201/cdy2203/seguridadcalidad)
2026-03-28T16:09:16.465-03:00  INFO 66566 --- [seguridadcalidad] [main] c.d.s.InvoiceControllerTests             : No active profile set, falling back to 1 default profile: "default"
2026-03-28T16:09:17.258-03:00  INFO 66566 --- [seguridadcalidad] [main] r$InitializeUserDetailsManagerConfigurer : Global AuthenticationManager configured with UserDetailsService bean with name users
2026-03-28T16:09:17.426-03:00  INFO 66566 --- [seguridadcalidad] [main] o.s.b.t.m.w.SpringBootMockServletContext : Initializing Spring TestDispatcherServlet ''
2026-03-28T16:09:17.426-03:00  INFO 66566 --- [seguridadcalidad] [main] o.s.t.web.servlet.TestDispatcherServlet  : Initializing Servlet ''
2026-03-28T16:09:17.427-03:00  INFO 66566 --- [seguridadcalidad] [main] o.s.t.web.servlet.TestDispatcherServlet  : Completed initialization in 0 ms
2026-03-28T16:09:17.436-03:00  INFO 66566 --- [seguridadcalidad] [main] c.d.s.InvoiceControllerTests             : Started InvoiceControllerTests in 1.08 seconds (process running for 1.468)
2026-03-28T16:09:17.542-03:00  INFO 66566 --- [seguridadcalidad] [main] t.c.s.AnnotationConfigContextLoaderUtils : Could not detect default configuration classes for test class [com.duoc.seguridadcalidad.SeguridadcalidadApplicationTests]: SeguridadcalidadApplicationTests does not declare any static, non-private, non-final, nested classes annotated with @Configuration.
2026-03-28T16:09:17.543-03:00  INFO 66566 --- [seguridadcalidad] [main] .b.t.c.SpringBootTestContextBootstrapper : Found @SpringBootConfiguration com.duoc.seguridadcalidad.SeguridadcalidadApplication for test class com.duoc.seguridadcalidad.SeguridadcalidadApplicationTests
2026-03-28T16:09:17.556-03:00  INFO 66566 --- [seguridadcalidad] [main] c.d.s.SeguridadcalidadApplicationTests   : Starting SeguridadcalidadApplicationTests using Java 21.0.9 with PID 66566 (started by cal in /Users/cal/Documents/Documentos - MacBook Air de Christian/Personal/Duoc/2026-201/cdy2203/seguridadcalidad)
2026-03-28T16:09:17.557-03:00  INFO 66566 --- [seguridadcalidad] [main] c.d.s.SeguridadcalidadApplicationTests   : No active profile set, falling back to 1 default profile: "default"
2026-03-28T16:09:17.748-03:00  INFO 66566 --- [seguridadcalidad] [main] r$InitializeUserDetailsManagerConfigurer : Global AuthenticationManager configured with UserDetailsService bean with name users
2026-03-28T16:09:17.783-03:00  INFO 66566 --- [seguridadcalidad] [main] c.d.s.SeguridadcalidadApplicationTests   : Started SeguridadcalidadApplicationTests in 0.238 seconds (process running for 1.815)
2026-03-28T16:14:20.678-03:00  INFO 67281 --- [seguridadcalidad] [main] c.d.s.InvoiceControllerTests             : Starting InvoiceControllerTests using Java 21.0.9 with PID 67281 (started by cal in /Users/cal/Documents/Documentos - MacBook Air de Christian/Personal/Duoc/2026-201/cdy2203/seguridadcalidad)
2026-03-28T16:14:20.679-03:00  INFO 67281 --- [seguridadcalidad] [main] c.d.s.InvoiceControllerTests             : No active profile set, falling back to 1 default profile: "default"
2026-03-28T16:14:21.494-03:00  INFO 67281 --- [seguridadcalidad] [main] r$InitializeUserDetailsManagerConfigurer : Global AuthenticationManager configured with UserDetailsService bean with name users
2026-03-28T16:14:21.660-03:00  INFO 67281 --- [seguridadcalidad] [main] o.s.b.t.m.w.SpringBootMockServletContext : Initializing Spring TestDispatcherServlet ''
2026-03-28T16:14:21.660-03:00  INFO 67281 --- [seguridadcalidad] [main] o.s.t.web.servlet.TestDispatcherServlet  : Initializing Servlet ''
2026-03-28T16:14:21.661-03:00  INFO 67281 --- [seguridadcalidad] [main] o.s.t.web.servlet.TestDispatcherServlet  : Completed initialization in 1 ms
2026-03-28T16:14:21.670-03:00  INFO 67281 --- [seguridadcalidad] [main] c.d.s.InvoiceControllerTests             : Started InvoiceControllerTests in 1.098 seconds (process running for 1.476)
2026-03-28T16:14:21.768-03:00  INFO 67281 --- [seguridadcalidad] [main] t.c.s.AnnotationConfigContextLoaderUtils : Could not detect default configuration classes for test class [com.duoc.seguridadcalidad.SeguridadcalidadApplicationTests]: SeguridadcalidadApplicationTests does not declare any static, non-private, non-final, nested classes annotated with @Configuration.
2026-03-28T16:14:21.769-03:00  INFO 67281 --- [seguridadcalidad] [main] .b.t.c.SpringBootTestContextBootstrapper : Found @SpringBootConfiguration com.duoc.seguridadcalidad.SeguridadcalidadApplication for test class com.duoc.seguridadcalidad.SeguridadcalidadApplicationTests
2026-03-28T16:14:21.784-03:00  INFO 67281 --- [seguridadcalidad] [main] c.d.s.SeguridadcalidadApplicationTests   : Starting SeguridadcalidadApplicationTests using Java 21.0.9 with PID 67281 (started by cal in /Users/cal/Documents/Documentos - MacBook Air de Christian/Personal/Duoc/2026-201/cdy2203/seguridadcalidad)
2026-03-28T16:14:21.784-03:00  INFO 67281 --- [seguridadcalidad] [main] c.d.s.SeguridadcalidadApplicationTests   : No active profile set, falling back to 1 default profile: "default"
2026-03-28T16:14:21.974-03:00  INFO 67281 --- [seguridadcalidad] [main] r$InitializeUserDetailsManagerConfigurer : Global AuthenticationManager configured with UserDetailsService bean with name users
2026-03-28T16:14:22.008-03:00  INFO 67281 --- [seguridadcalidad] [main] c.d.s.SeguridadcalidadApplicationTests   : Started SeguridadcalidadApplicationTests in 0.236 seconds (process running for 1.814)
2026-03-28T16:16:56.802-03:00  INFO 67893 --- [seguridadcalidad] [main] c.d.s.InvoiceControllerTests             : Starting InvoiceControllerTests using Java 21.0.9 with PID 67893 (started by cal in /Users/cal/Documents/Documentos - MacBook Air de Christian/Personal/Duoc/2026-201/cdy2203/seguridadcalidad)
2026-03-28T16:16:56.803-03:00  INFO 67893 --- [seguridadcalidad] [main] c.d.s.InvoiceControllerTests             : No active profile set, falling back to 1 default profile: "default"
2026-03-28T16:16:57.609-03:00  INFO 67893 --- [seguridadcalidad] [main] r$InitializeUserDetailsManagerConfigurer : Global AuthenticationManager configured with UserDetailsService bean with name users
2026-03-28T16:16:57.805-03:00  INFO 67893 --- [seguridadcalidad] [main] o.s.b.t.m.w.SpringBootMockServletContext : Initializing Spring TestDispatcherServlet ''
2026-03-28T16:16:57.806-03:00  INFO 67893 --- [seguridadcalidad] [main] o.s.t.web.servlet.TestDispatcherServlet  : Initializing Servlet ''
2026-03-28T16:16:57.806-03:00  INFO 67893 --- [seguridadcalidad] [main] o.s.t.web.servlet.TestDispatcherServlet  : Completed initialization in 0 ms
2026-03-28T16:16:57.815-03:00  INFO 67893 --- [seguridadcalidad] [main] c.d.s.InvoiceControllerTests             : Started InvoiceControllerTests in 1.117 seconds (process running for 1.549)
2026-03-28T16:16:57.915-03:00  INFO 67893 --- [seguridadcalidad] [main] t.c.s.AnnotationConfigContextLoaderUtils : Could not detect default configuration classes for test class [com.duoc.seguridadcalidad.SeguridadcalidadApplicationTests]: SeguridadcalidadApplicationTests does not declare any static, non-private, non-final, nested classes annotated with @Configuration.
2026-03-28T16:16:57.915-03:00  INFO 67893 --- [seguridadcalidad] [main] .b.t.c.SpringBootTestContextBootstrapper : Found @SpringBootConfiguration com.duoc.seguridadcalidad.SeguridadcalidadApplication for test class com.duoc.seguridadcalidad.SeguridadcalidadApplicationTests
2026-03-28T16:16:57.931-03:00  INFO 67893 --- [seguridadcalidad] [main] c.d.s.SeguridadcalidadApplicationTests   : Starting SeguridadcalidadApplicationTests using Java 21.0.9 with PID 67893 (started by cal in /Users/cal/Documents/Documentos - MacBook Air de Christian/Personal/Duoc/2026-201/cdy2203/seguridadcalidad)
2026-03-28T16:16:57.931-03:00  INFO 67893 --- [seguridadcalidad] [main] c.d.s.SeguridadcalidadApplicationTests   : No active profile set, falling back to 1 default profile: "default"
2026-03-28T16:16:58.125-03:00  INFO 67893 --- [seguridadcalidad] [main] r$InitializeUserDetailsManagerConfigurer : Global AuthenticationManager configured with UserDetailsService bean with name users
2026-03-28T16:16:58.164-03:00  INFO 67893 --- [seguridadcalidad] [main] c.d.s.SeguridadcalidadApplicationTests   : Started SeguridadcalidadApplicationTests in 0.246 seconds (process running for 1.898)
2026-03-28T16:25:40.164-03:00  INFO 69555 --- [seguridadcalidad] [main] c.d.s.InvoiceControllerTests             : Starting InvoiceControllerTests using Java 21.0.9 with PID 69555 (started by cal in /Users/cal/Documents/Documentos - MacBook Air de Christian/Personal/Duoc/2026-201/cdy2203/seguridadcalidad)
2026-03-28T16:25:40.168-03:00  INFO 69555 --- [seguridadcalidad] [main] c.d.s.InvoiceControllerTests             : No active profile set, falling back to 1 default profile: "default"
2026-03-28T16:25:40.991-03:00  INFO 69555 --- [seguridadcalidad] [main] r$InitializeUserDetailsManagerConfigurer : Global AuthenticationManager configured with UserDetailsService bean with name users
2026-03-28T16:25:41.162-03:00  INFO 69555 --- [seguridadcalidad] [main] o.s.b.t.m.w.SpringBootMockServletContext : Initializing Spring TestDispatcherServlet ''
2026-03-28T16:25:41.163-03:00  INFO 69555 --- [seguridadcalidad] [main] o.s.t.web.servlet.TestDispatcherServlet  : Initializing Servlet ''
2026-03-28T16:25:41.163-03:00  INFO 69555 --- [seguridadcalidad] [main] o.s.t.web.servlet.TestDispatcherServlet  : Completed initialization in 0 ms
2026-03-28T16:25:41.174-03:00  INFO 69555 --- [seguridadcalidad] [main] c.d.s.InvoiceControllerTests             : Started InvoiceControllerTests in 1.113 seconds (process running for 1.539)
2026-03-28T16:25:41.272-03:00  INFO 69555 --- [seguridadcalidad] [main] t.c.s.AnnotationConfigContextLoaderUtils : Could not detect default configuration classes for test class [com.duoc.seguridadcalidad.SeguridadcalidadApplicationTests]: SeguridadcalidadApplicationTests does not declare any static, non-private, non-final, nested classes annotated with @Configuration.
2026-03-28T16:25:41.273-03:00  INFO 69555 --- [seguridadcalidad] [main] .b.t.c.SpringBootTestContextBootstrapper : Found @SpringBootConfiguration com.duoc.seguridadcalidad.SeguridadcalidadApplication for test class com.duoc.seguridadcalidad.SeguridadcalidadApplicationTests
2026-03-28T16:25:41.286-03:00  INFO 69555 --- [seguridadcalidad] [main] c.d.s.SeguridadcalidadApplicationTests   : Starting SeguridadcalidadApplicationTests using Java 21.0.9 with PID 69555 (started by cal in /Users/cal/Documents/Documentos - MacBook Air de Christian/Personal/Duoc/2026-201/cdy2203/seguridadcalidad)
2026-03-28T16:25:41.287-03:00  INFO 69555 --- [seguridadcalidad] [main] c.d.s.SeguridadcalidadApplicationTests   : No active profile set, falling back to 1 default profile: "default"
2026-03-28T16:25:41.495-03:00  INFO 69555 --- [seguridadcalidad] [main] r$InitializeUserDetailsManagerConfigurer : Global AuthenticationManager configured with UserDetailsService bean with name users
2026-03-28T16:25:41.531-03:00  INFO 69555 --- [seguridadcalidad] [main] c.d.s.SeguridadcalidadApplicationTests   : Started SeguridadcalidadApplicationTests in 0.256 seconds (process running for 1.896)
2026-05-04T19:38:31.132-04:00  INFO 33096 --- [seguridadcalidad] [main] c.d.s.InvoiceControllerTests             : Starting InvoiceControllerTests using Java 25.0.2 with PID 33096 (started by frsea in C:\Users\frsea\Desktop\U\SYC\S8_SYCD\cdy2203-2026-201)
2026-05-04T19:38:31.135-04:00  INFO 33096 --- [seguridadcalidad] [main] c.d.s.InvoiceControllerTests             : No active profile set, falling back to 1 default profile: "default"
2026-05-04T19:38:32.472-04:00  INFO 33096 --- [seguridadcalidad] [main] r$InitializeUserDetailsManagerConfigurer : Global AuthenticationManager configured with UserDetailsService bean with name users
2026-05-04T19:38:33.113-04:00  INFO 33096 --- [seguridadcalidad] [main] o.s.b.t.m.w.SpringBootMockServletContext : Initializing Spring TestDispatcherServlet ''
2026-05-04T19:38:33.114-04:00  INFO 33096 --- [seguridadcalidad] [main] o.s.t.web.servlet.TestDispatcherServlet  : Initializing Servlet ''
2026-05-04T19:38:33.117-04:00  INFO 33096 --- [seguridadcalidad] [main] o.s.t.web.servlet.TestDispatcherServlet  : Completed initialization in 3 ms
2026-05-04T19:38:33.212-04:00  INFO 33096 --- [seguridadcalidad] [main] c.d.s.InvoiceControllerTests             : Started InvoiceControllerTests in 2.601 seconds (process running for 6.894)
2026-05-04T19:38:33.693-04:00  INFO 33096 --- [seguridadcalidad] [main] t.c.s.AnnotationConfigContextLoaderUtils : Could not detect default configuration classes for test class [com.duoc.seguridadcalidad.SeguridadcalidadApplicationTests]: SeguridadcalidadApplicationTests does not declare any static, non-private, non-final, nested classes annotated with @Configuration.
2026-05-04T19:38:33.697-04:00  INFO 33096 --- [seguridadcalidad] [main] .b.t.c.SpringBootTestContextBootstrapper : Found @SpringBootConfiguration com.duoc.seguridadcalidad.SeguridadcalidadApplication for test class com.duoc.seguridadcalidad.SeguridadcalidadApplicationTests
2026-05-04T19:38:33.785-04:00  INFO 33096 --- [seguridadcalidad] [main] c.d.s.SeguridadcalidadApplicationTests   : Starting SeguridadcalidadApplicationTests using Java 25.0.2 with PID 33096 (started by frsea in C:\Users\frsea\Desktop\U\SYC\S8_SYCD\cdy2203-2026-201)
2026-05-04T19:38:33.785-04:00  INFO 33096 --- [seguridadcalidad] [main] c.d.s.SeguridadcalidadApplicationTests   : No active profile set, falling back to 1 default profile: "default"
2026-05-04T19:38:34.208-04:00  INFO 33096 --- [seguridadcalidad] [main] r$InitializeUserDetailsManagerConfigurer : Global AuthenticationManager configured with UserDetailsService bean with name users
2026-05-04T19:38:34.320-04:00  INFO 33096 --- [seguridadcalidad] [main] c.d.s.SeguridadcalidadApplicationTests   : Started SeguridadcalidadApplicationTests in 0.612 seconds (process running for 8.002)
2026-05-04T20:00:42.981-04:00  INFO 29664 --- [seguridadcalidad] [main] c.d.s.InvoiceControllerTests             : Starting InvoiceControllerTests using Java 25.0.2 with PID 29664 (started by frsea in C:\Users\frsea\Desktop\U\SYC\S8_SYCD\cdy2203-2026-201)
2026-05-04T20:00:42.984-04:00  INFO 29664 --- [seguridadcalidad] [main] c.d.s.InvoiceControllerTests             : No active profile set, falling back to 1 default profile: "default"
2026-05-04T20:00:44.320-04:00  INFO 29664 --- [seguridadcalidad] [main] r$InitializeUserDetailsManagerConfigurer : Global AuthenticationManager configured with UserDetailsService bean with name users
2026-05-04T20:00:44.952-04:00  INFO 29664 --- [seguridadcalidad] [main] o.s.b.t.m.w.SpringBootMockServletContext : Initializing Spring TestDispatcherServlet ''
2026-05-04T20:00:44.952-04:00  INFO 29664 --- [seguridadcalidad] [main] o.s.t.web.servlet.TestDispatcherServlet  : Initializing Servlet ''
2026-05-04T20:00:44.953-04:00  INFO 29664 --- [seguridadcalidad] [main] o.s.t.web.servlet.TestDispatcherServlet  : Completed initialization in 1 ms
2026-05-04T20:00:44.988-04:00  INFO 29664 --- [seguridadcalidad] [main] c.d.s.InvoiceControllerTests             : Started InvoiceControllerTests in 2.431 seconds (process running for 7.077)
2026-05-04T20:00:45.391-04:00  INFO 29664 --- [seguridadcalidad] [main] t.c.s.AnnotationConfigContextLoaderUtils : Could not detect default configuration classes for test class [com.duoc.seguridadcalidad.SeguridadcalidadApplicationTests]: SeguridadcalidadApplicationTests does not declare any static, non-private, non-final, nested classes annotated with @Configuration.
2026-05-04T20:00:45.394-04:00  INFO 29664 --- [seguridadcalidad] [main] .b.t.c.SpringBootTestContextBootstrapper : Found @SpringBootConfiguration com.duoc.seguridadcalidad.SeguridadcalidadApplication for test class com.duoc.seguridadcalidad.SeguridadcalidadApplicationTests
2026-05-04T20:00:45.455-04:00  INFO 29664 --- [seguridadcalidad] [main] c.d.s.SeguridadcalidadApplicationTests   : Starting SeguridadcalidadApplicationTests using Java 25.0.2 with PID 29664 (started by frsea in C:\Users\frsea\Desktop\U\SYC\S8_SYCD\cdy2203-2026-201)
2026-05-04T20:00:45.455-04:00  INFO 29664 --- [seguridadcalidad] [main] c.d.s.SeguridadcalidadApplicationTests   : No active profile set, falling back to 1 default profile: "default"
2026-05-04T20:00:45.809-04:00  INFO 29664 --- [seguridadcalidad] [main] r$InitializeUserDetailsManagerConfigurer : Global AuthenticationManager configured with UserDetailsService bean with name users
2026-05-04T20:00:45.900-04:00  INFO 29664 --- [seguridadcalidad] [main] c.d.s.SeguridadcalidadApplicationTests   : Started SeguridadcalidadApplicationTests in 0.495 seconds (process running for 7.989)
2026-05-04T20:01:22.979-04:00  INFO 7260 --- [seguridadcalidad] [main] c.d.s.InvoiceControllerTests             : Starting InvoiceControllerTests using Java 25.0.2 with PID 7260 (started by frsea in C:\Users\frsea\Desktop\U\SYC\S8_SYCD\cdy2203-2026-201)
2026-05-04T20:01:22.982-04:00  INFO 7260 --- [seguridadcalidad] [main] c.d.s.InvoiceControllerTests             : No active profile set, falling back to 1 default profile: "default"
2026-05-04T20:01:24.628-04:00  INFO 7260 --- [seguridadcalidad] [main] r$InitializeUserDetailsManagerConfigurer : Global AuthenticationManager configured with UserDetailsService bean with name users
2026-05-04T20:01:25.411-04:00  INFO 7260 --- [seguridadcalidad] [main] o.s.b.t.m.w.SpringBootMockServletContext : Initializing Spring TestDispatcherServlet ''
2026-05-04T20:01:25.412-04:00  INFO 7260 --- [seguridadcalidad] [main] o.s.t.web.servlet.TestDispatcherServlet  : Initializing Servlet ''
2026-05-04T20:01:25.415-04:00  INFO 7260 --- [seguridadcalidad] [main] o.s.t.web.servlet.TestDispatcherServlet  : Completed initialization in 3 ms
2026-05-04T20:01:25.448-04:00  INFO 7260 --- [seguridadcalidad] [main] c.d.s.InvoiceControllerTests             : Started InvoiceControllerTests in 2.994 seconds (process running for 7.235)
2026-05-04T20:01:25.864-04:00  INFO 7260 --- [seguridadcalidad] [main] t.c.s.AnnotationConfigContextLoaderUtils : Could not detect default configuration classes for test class [com.duoc.seguridadcalidad.SeguridadcalidadApplicationTests]: SeguridadcalidadApplicationTests does not declare any static, non-private, non-final, nested classes annotated with @Configuration.
2026-05-04T20:01:25.866-04:00  INFO 7260 --- [seguridadcalidad] [main] .b.t.c.SpringBootTestContextBootstrapper : Found @SpringBootConfiguration com.duoc.seguridadcalidad.SeguridadcalidadApplication for test class com.duoc.seguridadcalidad.SeguridadcalidadApplicationTests
2026-05-04T20:01:25.919-04:00  INFO 7260 --- [seguridadcalidad] [main] c.d.s.SeguridadcalidadApplicationTests   : Starting SeguridadcalidadApplicationTests using Java 25.0.2 with PID 7260 (started by frsea in C:\Users\frsea\Desktop\U\SYC\S8_SYCD\cdy2203-2026-201)
2026-05-04T20:01:25.920-04:00  INFO 7260 --- [seguridadcalidad] [main] c.d.s.SeguridadcalidadApplicationTests   : No active profile set, falling back to 1 default profile: "default"
2026-05-04T20:01:26.295-04:00  INFO 7260 --- [seguridadcalidad] [main] r$InitializeUserDetailsManagerConfigurer : Global AuthenticationManager configured with UserDetailsService bean with name users
2026-05-04T20:01:26.375-04:00  INFO 7260 --- [seguridadcalidad] [main] c.d.s.SeguridadcalidadApplicationTests   : Started SeguridadcalidadApplicationTests in 0.498 seconds (process running for 8.162)
2026-05-04T20:27:45.336-04:00  INFO 21964 --- [seguridadcalidad] [main] c.d.s.PetRestControllerTests             : Starting PetRestControllerTests using Java 25.0.2 with PID 21964 (started by frsea in C:\Users\frsea\Desktop\U\SYC\S8_SYCD\cdy2203-2026-201)
2026-05-04T20:27:45.339-04:00  INFO 21964 --- [seguridadcalidad] [main] c.d.s.PetRestControllerTests             : No active profile set, falling back to 1 default profile: "default"
2026-05-04T20:27:48.882-04:00  INFO 21964 --- [seguridadcalidad] [main] r$InitializeUserDetailsManagerConfigurer : Global AuthenticationManager configured with UserDetailsService bean with name users
2026-05-04T20:27:50.125-04:00  INFO 21964 --- [seguridadcalidad] [main] o.s.b.t.m.w.SpringBootMockServletContext : Initializing Spring TestDispatcherServlet ''
2026-05-04T20:27:50.126-04:00  INFO 21964 --- [seguridadcalidad] [main] o.s.t.web.servlet.TestDispatcherServlet  : Initializing Servlet ''
2026-05-04T20:27:50.130-04:00  INFO 21964 --- [seguridadcalidad] [main] o.s.t.web.servlet.TestDispatcherServlet  : Completed initialization in 4 ms
2026-05-04T20:27:50.176-04:00  INFO 21964 --- [seguridadcalidad] [main] c.d.s.PetRestControllerTests             : Started PetRestControllerTests in 5.459 seconds (process running for 8.721)
2026-05-04T20:27:50.355-04:00  WARN 21964 --- [seguridadcalidad] [main] c.d.seguridadcalidad.PetRestController   : DELETE /api/pets/1 missing authentication token
2026-05-04T20:27:50.773-04:00  WARN 21964 --- [seguridadcalidad] [main] c.d.seguridadcalidad.PetRestController   : POST /api/pets missing authentication token
2026-05-04T20:27:50.812-04:00  WARN 21964 --- [seguridadcalidad] [main] c.d.seguridadcalidad.PetRestController   : PUT /api/pets/1 missing authentication token
2026-05-04T20:29:06.164-04:00  INFO 33604 --- [seguridadcalidad] [main] c.d.s.InvoiceControllerTests             : Starting InvoiceControllerTests using Java 25.0.2 with PID 33604 (started by frsea in C:\Users\frsea\Desktop\U\SYC\S8_SYCD\cdy2203-2026-201)
2026-05-04T20:29:06.168-04:00  INFO 33604 --- [seguridadcalidad] [main] c.d.s.InvoiceControllerTests             : No active profile set, falling back to 1 default profile: "default"
2026-05-04T20:29:07.618-04:00  INFO 33604 --- [seguridadcalidad] [main] r$InitializeUserDetailsManagerConfigurer : Global AuthenticationManager configured with UserDetailsService bean with name users
2026-05-04T20:29:08.262-04:00  INFO 33604 --- [seguridadcalidad] [main] o.s.b.t.m.w.SpringBootMockServletContext : Initializing Spring TestDispatcherServlet ''
2026-05-04T20:29:08.262-04:00  INFO 33604 --- [seguridadcalidad] [main] o.s.t.web.servlet.TestDispatcherServlet  : Initializing Servlet ''
2026-05-04T20:29:08.264-04:00  INFO 33604 --- [seguridadcalidad] [main] o.s.t.web.servlet.TestDispatcherServlet  : Completed initialization in 2 ms
2026-05-04T20:29:08.294-04:00  INFO 33604 --- [seguridadcalidad] [main] c.d.s.InvoiceControllerTests             : Started InvoiceControllerTests in 2.588 seconds (process running for 7.04)
2026-05-04T20:29:08.678-04:00  INFO 33604 --- [seguridadcalidad] [main] t.c.s.AnnotationConfigContextLoaderUtils : Could not detect default configuration classes for test class [com.duoc.seguridadcalidad.PetRestControllerTests]: PetRestControllerTests does not declare any static, non-private, non-final, nested classes annotated with @Configuration.
2026-05-04T20:29:08.687-04:00  INFO 33604 --- [seguridadcalidad] [main] .b.t.c.SpringBootTestContextBootstrapper : Found @SpringBootConfiguration com.duoc.seguridadcalidad.SeguridadcalidadApplication for test class com.duoc.seguridadcalidad.PetRestControllerTests
2026-05-04T20:29:08.699-04:00  WARN 33604 --- [seguridadcalidad] [main] c.d.seguridadcalidad.PetRestController   : DELETE /api/pets/1 missing authentication token
2026-05-04T20:29:08.724-04:00  WARN 33604 --- [seguridadcalidad] [main] c.d.seguridadcalidad.PetRestController   : POST /api/pets missing authentication token
2026-05-04T20:29:08.748-04:00  WARN 33604 --- [seguridadcalidad] [main] c.d.seguridadcalidad.PetRestController   : PUT /api/pets/1 missing authentication token
2026-05-04T20:29:08.802-04:00  INFO 33604 --- [seguridadcalidad] [main] t.c.s.AnnotationConfigContextLoaderUtils : Could not detect default configuration classes for test class [com.duoc.seguridadcalidad.SeguridadcalidadApplicationTests]: SeguridadcalidadApplicationTests does not declare any static, non-private, non-final, nested classes annotated with @Configuration.
2026-05-04T20:29:08.804-04:00  INFO 33604 --- [seguridadcalidad] [main] .b.t.c.SpringBootTestContextBootstrapper : Found @SpringBootConfiguration com.duoc.seguridadcalidad.SeguridadcalidadApplication for test class com.duoc.seguridadcalidad.SeguridadcalidadApplicationTests
2026-05-04T20:29:08.847-04:00  INFO 33604 --- [seguridadcalidad] [main] c.d.s.SeguridadcalidadApplicationTests   : Starting SeguridadcalidadApplicationTests using Java 25.0.2 with PID 33604 (started by frsea in C:\Users\frsea\Desktop\U\SYC\S8_SYCD\cdy2203-2026-201)
2026-05-04T20:29:08.848-04:00  INFO 33604 --- [seguridadcalidad] [main] c.d.s.SeguridadcalidadApplicationTests   : No active profile set, falling back to 1 default profile: "default"
2026-05-04T20:29:09.219-04:00  INFO 33604 --- [seguridadcalidad] [main] r$InitializeUserDetailsManagerConfigurer : Global AuthenticationManager configured with UserDetailsService bean with name users
2026-05-04T20:29:09.315-04:00  INFO 33604 --- [seguridadcalidad] [main] c.d.s.SeguridadcalidadApplicationTests   : Started SeguridadcalidadApplicationTests in 0.504 seconds (process running for 8.061)
